{"uuid":"2ac4d529-d575-45a8-9c93-ac60755edbcc","historyId":"e66f96ba7243a20055ffa7dae427c73f","fullName":"sanity.GrafanaServerAdmin.Test01_verifyDefaultUser","labels":[{"name":"package","value":"sanity.GrafanaServerAdmin"},{"name":"testClass","value":"sanity.GrafanaServerAdmin"},{"name":"testMethod","value":"Test01_verifyDefaultUser"},{"name":"parentSuite","value":"grafana web"},{"name":"suite","value":"grafana login"},{"name":"subSuite","value":"sanity.GrafanaServerAdmin"},{"name":"host","value":"LAPTOP-TOSPREI7"},{"name":"thread","value":"1492@LAPTOP-TOSPREI7.main(1)"},{"name":"framework","value":"testng"},{"name":"language","value":"java"}],"links":[],"name":"Test01_verifyDefaultUser","status":"failed","statusDetails":{"known":false,"muted":false,"flaky":false,"message":"expected [1] but found [2]","trace":"java.lang.AssertionError: expected [1] but found [2]\r\n\tat org.testng.Assert.fail(Assert.java:99)\r\n\tat org.testng.Assert.failNotEquals(Assert.java:1037)\r\n\tat org.testng.Assert.assertEqualsImpl(Assert.java:140)\r\n\tat org.testng.Assert.assertEquals(Assert.java:122)\r\n\tat org.testng.Assert.assertEquals(Assert.java:907)\r\n\tat org.testng.Assert.assertEquals(Assert.java:917)\r\n\tat extentions.Verifications.VerifyNumOfElements(Verifications.java:37)\r\n\tat sanity.GrafanaServerAdmin.Test01_verifyDefaultUser(GrafanaServerAdmin.java:18)\r\n\tat sun.reflect.NativeMethodAccessorImpl.invoke0(Native Method)\r\n\tat sun.reflect.NativeMethodAccessorImpl.invoke(NativeMethodAccessorImpl.java:62)\r\n\tat sun.reflect.DelegatingMethodAccessorImpl.invoke(DelegatingMethodAccessorImpl.java:43)\r\n\tat java.lang.reflect.Method.invoke(Method.java:498)\r\n\tat org.testng.internal.MethodInvocationHelper.invokeMethod(MethodInvocationHelper.java:133)\r\n\tat org.testng.internal.TestInvoker.invokeMethod(TestInvoker.java:598)\r\n\tat org.testng.internal.TestInvoker.invokeTestMethod(TestInvoker.java:173)\r\n\tat org.testng.internal.MethodRunner.runInSequence(MethodRunner.java:46)\r\n\tat org.testng.internal.TestInvoker$MethodInvocationAgent.invoke(TestInvoker.java:824)\r\n\tat org.testng.internal.TestInvoker.invokeTestMethods(TestInvoker.java:146)\r\n\tat org.testng.internal.TestMethodWorker.invokeTestMethods(TestMethodWorker.java:146)\r\n\tat org.testng.internal.TestMethodWorker.run(TestMethodWorker.java:128)\r\n\tat java.util.ArrayList.forEach(ArrayList.java:1259)\r\n\tat org.testng.TestRunner.privateRun(TestRunner.java:794)\r\n\tat org.testng.TestRunner.run(TestRunner.java:596)\r\n\tat org.testng.SuiteRunner.runTest(SuiteRunner.java:377)\r\n\tat org.testng.SuiteRunner.runSequentially(SuiteRunner.java:371)\r\n\tat org.testng.SuiteRunner.privateRun(SuiteRunner.java:332)\r\n\tat org.testng.SuiteRunner.run(SuiteRunner.java:276)\r\n\tat org.testng.SuiteRunnerWorker.runSuite(SuiteRunnerWorker.java:53)\r\n\tat org.testng.SuiteRunnerWorker.run(SuiteRunnerWorker.java:96)\r\n\tat org.testng.TestNG.runSuitesSequentially(TestNG.java:1212)\r\n\tat org.testng.TestNG.runSuitesLocally(TestNG.java:1134)\r\n\tat org.testng.TestNG.runSuites(TestNG.java:1063)\r\n\tat org.testng.TestNG.run(TestNG.java:1031)\r\n\tat org.apache.maven.surefire.testng.TestNGExecutor.run(TestNGExecutor.java:283)\r\n\tat org.apache.maven.surefire.testng.TestNGXmlTestSuite.execute(TestNGXmlTestSuite.java:75)\r\n\tat org.apache.maven.surefire.testng.TestNGProvider.invoke(TestNGProvider.java:120)\r\n\tat org.apache.maven.surefire.booter.ForkedBooter.invokeProviderInSameClassLoader(ForkedBooter.java:384)\r\n\tat org.apache.maven.surefire.booter.ForkedBooter.runSuitesInProcess(ForkedBooter.java:345)\r\n\tat org.apache.maven.surefire.booter.ForkedBooter.execute(ForkedBooter.java:126)\r\n\tat org.apache.maven.surefire.booter.ForkedBooter.main(ForkedBooter.java:418)\r\n"},"stage":"finished","description":"this test verify the default user row","steps":[{"name":"Business flow: login","status":"passed","stage":"finished","steps":[{"name":"send keys text","status":"passed","stage":"finished","steps":[],"attachments":[],"parameters":[{"name":"elem","value":"[[ChromeDriver: chrome on WINDOWS (6fb499a58af0c309017783ba2b59d20d)] -> name: user]"},{"name":"text","value":"admin"}],"start":1648929115448,"stop":1648929115601},{"name":"send keys text","status":"passed","stage":"finished","steps":[],"attachments":[],"parameters":[{"name":"elem","value":"[[ChromeDriver: chrome on WINDOWS (6fb499a58af0c309017783ba2b59d20d)] -> id: current-password]"},{"name":"text","value":"admin"}],"start":1648929115626,"stop":1648929115811},{"name":"click on element","status":"passed","stage":"finished","steps":[],"attachments":[],"parameters":[{"name":"elem","value":"[[ChromeDriver: chrome on WINDOWS (6fb499a58af0c309017783ba2b59d20d)] -> class: css-3coq9d-button]"}],"start":1648929115847,"stop":1648929116149},{"name":"click on element","status":"passed","stage":"finished","steps":[],"attachments":[],"parameters":[{"name":"elem","value":"[[ChromeDriver: chrome on WINDOWS (6fb499a58af0c309017783ba2b59d20d)] -> xpath: //*[@id=\"reactRoot\"]/div/main/div[3]/div/div[2]/div/form/div[3]/div[2]/button/span]"}],"start":1648929116332,"stop":1648929118880}],"attachments":[],"parameters":[{"name":"user","value":"admin"},{"name":"pass","value":"admin"}],"start":1648929115427,"stop":1648929118880},{"name":"mouse over between two elements","status":"passed","stage":"finished","steps":[],"attachments":[],"parameters":[{"name":"elem1","value":"[[ChromeDriver: chrome on WINDOWS (6fb499a58af0c309017783ba2b59d20d)] -> xpath: //*[@id=\"reactRoot\"]/div/nav/div[3]/div[6]]"},{"name":"elem2","value":"[[ChromeDriver: chrome on WINDOWS (6fb499a58af0c309017783ba2b59d20d)] -> xpath: //body/div[@id='reactRoot']/div[1]/nav[1]/div[3]/div[6]/ul[1]/li[2]/a[1]]"}],"start":1648929118952,"stop":1648929119511},{"name":"verify the size of element//list ","status":"failed","statusDetails":{"known":false,"muted":false,"flaky":false,"message":"expected [1] but found [2]","trace":"java.lang.AssertionError: expected [1] but found [2]\r\n\tat org.testng.Assert.fail(Assert.java:99)\r\n\tat org.testng.Assert.failNotEquals(Assert.java:1037)\r\n\tat org.testng.Assert.assertEqualsImpl(Assert.java:140)\r\n\tat org.testng.Assert.assertEquals(Assert.java:122)\r\n\tat org.testng.Assert.assertEquals(Assert.java:907)\r\n\tat org.testng.Assert.assertEquals(Assert.java:917)\r\n\tat extentions.Verifications.VerifyNumOfElements(Verifications.java:37)\r\n\tat sanity.GrafanaServerAdmin.Test01_verifyDefaultUser(GrafanaServerAdmin.java:18)\r\n\tat sun.reflect.NativeMethodAccessorImpl.invoke0(Native Method)\r\n\tat sun.reflect.NativeMethodAccessorImpl.invoke(NativeMethodAccessorImpl.java:62)\r\n\tat sun.reflect.DelegatingMethodAccessorImpl.invoke(DelegatingMethodAccessorImpl.java:43)\r\n\tat java.lang.reflect.Method.invoke(Method.java:498)\r\n\tat org.testng.internal.MethodInvocationHelper.invokeMethod(MethodInvocationHelper.java:133)\r\n\tat org.testng.internal.TestInvoker.invokeMethod(TestInvoker.java:598)\r\n\tat org.testng.internal.TestInvoker.invokeTestMethod(TestInvoker.java:173)\r\n\tat org.testng.internal.MethodRunner.runInSequence(MethodRunner.java:46)\r\n\tat org.testng.internal.TestInvoker$MethodInvocationAgent.invoke(TestInvoker.java:824)\r\n\tat org.testng.internal.TestInvoker.invokeTestMethods(TestInvoker.java:146)\r\n\tat org.testng.internal.TestMethodWorker.invokeTestMethods(TestMethodWorker.java:146)\r\n\tat org.testng.internal.TestMethodWorker.run(TestMethodWorker.java:128)\r\n\tat java.util.ArrayList.forEach(ArrayList.java:1259)\r\n\tat org.testng.TestRunner.privateRun(TestRunner.java:794)\r\n\tat org.testng.TestRunner.run(TestRunner.java:596)\r\n\tat org.testng.SuiteRunner.runTest(SuiteRunner.java:377)\r\n\tat org.testng.SuiteRunner.runSequentially(SuiteRunner.java:371)\r\n\tat org.testng.SuiteRunner.privateRun(SuiteRunner.java:332)\r\n\tat org.testng.SuiteRunner.run(SuiteRunner.java:276)\r\n\tat org.testng.SuiteRunnerWorker.runSuite(SuiteRunnerWorker.java:53)\r\n\tat org.testng.SuiteRunnerWorker.run(SuiteRunnerWorker.java:96)\r\n\tat org.testng.TestNG.runSuitesSequentially(TestNG.java:1212)\r\n\tat org.testng.TestNG.runSuitesLocally(TestNG.java:1134)\r\n\tat org.testng.TestNG.runSuites(TestNG.java:1063)\r\n\tat org.testng.TestNG.run(TestNG.java:1031)\r\n\tat org.apache.maven.surefire.testng.TestNGExecutor.run(TestNGExecutor.java:283)\r\n\tat org.apache.maven.surefire.testng.TestNGXmlTestSuite.execute(TestNGXmlTestSuite.java:75)\r\n\tat org.apache.maven.surefire.testng.TestNGProvider.invoke(TestNGProvider.java:120)\r\n\tat org.apache.maven.surefire.booter.ForkedBooter.invokeProviderInSameClassLoader(ForkedBooter.java:384)\r\n\tat org.apache.maven.surefire.booter.ForkedBooter.runSuitesInProcess(ForkedBooter.java:345)\r\n\tat org.apache.maven.surefire.booter.ForkedBooter.execute(ForkedBooter.java:126)\r\n\tat org.apache.maven.surefire.booter.ForkedBooter.main(ForkedBooter.java:418)\r\n"},"stage":"finished","steps":[],"attachments":[],"parameters":[{"name":"elems","value":"[[[ChromeDriver: chrome on WINDOWS (6fb499a58af0c309017783ba2b59d20d)] -> xpath: //*[@id=\"reactRoot\"]/div/main/div[3]/div/div[1]/div/div[2]/div[2]/table/tbody/tr], [[ChromeDriver: chrome on WINDOWS (6fb499a58af0c309017783ba2b59d20d)] -> xpath: //*[@id=\"reactRoot\"]/div/main/div[3]/div/div[1]/div/div[2]/div[2]/table/tbody/tr]]"},{"name":"excepted","value":"1"}],"start":1648929119588,"stop":1648929119674}],"attachments":[],"parameters":[],"start":1648929115424,"stop":1648929119675}