{"uuid":"53fcf6c4-878c-42f1-b5cf-b88cbd2c1739","historyId":"89bb4aaeff8451f16d6d37d72ca3b67f","fullName":"sanity.GrafanaLogin.Test06_verifyHeader","labels":[{"name":"package","value":"sanity.GrafanaLogin"},{"name":"testClass","value":"sanity.GrafanaLogin"},{"name":"testMethod","value":"Test06_verifyHeader"},{"name":"parentSuite","value":"grafana web"},{"name":"suite","value":"grafana login"},{"name":"subSuite","value":"sanity.GrafanaLogin"},{"name":"host","value":"LAPTOP-TOSPREI7"},{"name":"thread","value":"19524@LAPTOP-TOSPREI7.main(1)"},{"name":"framework","value":"testng"},{"name":"language","value":"java"}],"links":[],"name":"Test06_verifyHeader","status":"failed","statusDetails":{"known":false,"muted":false,"flaky":false,"message":"expected [Welcome to aaGrafana] but found [Welcome to Grafana]","trace":"java.lang.AssertionError: expected [Welcome to aaGrafana] but found [Welcome to Grafana]\r\n\tat org.testng.Assert.fail(Assert.java:99)\r\n\tat org.testng.Assert.failNotEquals(Assert.java:1037)\r\n\tat org.testng.Assert.assertEqualsImpl(Assert.java:140)\r\n\tat org.testng.Assert.assertEquals(Assert.java:122)\r\n\tat org.testng.Assert.assertEquals(Assert.java:629)\r\n\tat org.testng.Assert.assertEquals(Assert.java:639)\r\n\tat extentions.Verifications.VerifyTextInElement(Verifications.java:32)\r\n\tat sanity.GrafanaLogin.Test06_verifyHeader(GrafanaLogin.java:46)\r\n\tat sun.reflect.NativeMethodAccessorImpl.invoke0(Native Method)\r\n\tat sun.reflect.NativeMethodAccessorImpl.invoke(NativeMethodAccessorImpl.java:62)\r\n\tat sun.reflect.DelegatingMethodAccessorImpl.invoke(DelegatingMethodAccessorImpl.java:43)\r\n\tat java.lang.reflect.Method.invoke(Method.java:498)\r\n\tat org.testng.internal.MethodInvocationHelper.invokeMethod(MethodInvocationHelper.java:133)\r\n\tat org.testng.internal.TestInvoker.invokeMethod(TestInvoker.java:598)\r\n\tat org.testng.internal.TestInvoker.invokeTestMethod(TestInvoker.java:173)\r\n\tat org.testng.internal.MethodRunner.runInSequence(MethodRunner.java:46)\r\n\tat org.testng.internal.TestInvoker$MethodInvocationAgent.invoke(TestInvoker.java:824)\r\n\tat org.testng.internal.TestInvoker.invokeTestMethods(TestInvoker.java:146)\r\n\tat org.testng.internal.TestMethodWorker.invokeTestMethods(TestMethodWorker.java:146)\r\n\tat org.testng.internal.TestMethodWorker.run(TestMethodWorker.java:128)\r\n\tat java.util.ArrayList.forEach(ArrayList.java:1259)\r\n\tat org.testng.TestRunner.privateRun(TestRunner.java:794)\r\n\tat org.testng.TestRunner.run(TestRunner.java:596)\r\n\tat org.testng.SuiteRunner.runTest(SuiteRunner.java:377)\r\n\tat org.testng.SuiteRunner.runSequentially(SuiteRunner.java:371)\r\n\tat org.testng.SuiteRunner.privateRun(SuiteRunner.java:332)\r\n\tat org.testng.SuiteRunner.run(SuiteRunner.java:276)\r\n\tat org.testng.SuiteRunnerWorker.runSuite(SuiteRunnerWorker.java:53)\r\n\tat org.testng.SuiteRunnerWorker.run(SuiteRunnerWorker.java:96)\r\n\tat org.testng.TestNG.runSuitesSequentially(TestNG.java:1212)\r\n\tat org.testng.TestNG.runSuitesLocally(TestNG.java:1134)\r\n\tat org.testng.TestNG.runSuites(TestNG.java:1063)\r\n\tat org.testng.TestNG.run(TestNG.java:1031)\r\n\tat com.intellij.rt.testng.IDEARemoteTestNG.run(IDEARemoteTestNG.java:66)\r\n\tat com.intellij.rt.testng.RemoteTestNGStarter.main(RemoteTestNGStarter.java:109)\r\n"},"stage":"finished","description":"this test verify the header of main page","steps":[{"name":"Business flow: login","status":"passed","stage":"finished","steps":[{"name":"send keys text","status":"passed","stage":"finished","steps":[],"attachments":[],"parameters":[{"name":"elem","value":"[[ChromeDriver: chrome on WINDOWS (edfccc69e0a2a2ed7cb0d5aac8add78c)] -> name: user]"},{"name":"text","value":"admin"}],"start":1648575397586,"stop":1648575397798},{"name":"send keys text","status":"passed","stage":"finished","steps":[],"attachments":[],"parameters":[{"name":"elem","value":"[[ChromeDriver: chrome on WINDOWS (edfccc69e0a2a2ed7cb0d5aac8add78c)] -> id: current-password]"},{"name":"text","value":"admin"}],"start":1648575397843,"stop":1648575402083},{"name":"click on element","status":"passed","stage":"finished","steps":[],"attachments":[],"parameters":[{"name":"elem","value":"[[ChromeDriver: chrome on WINDOWS (edfccc69e0a2a2ed7cb0d5aac8add78c)] -> class: css-3coq9d-button]"}],"start":1648575402097,"stop":1648575402361},{"name":"click on element","status":"passed","stage":"finished","steps":[],"attachments":[],"parameters":[{"name":"elem","value":"[[ChromeDriver: chrome on WINDOWS (edfccc69e0a2a2ed7cb0d5aac8add78c)] -> xpath: //*[@id=\"reactRoot\"]/div/main/div[3]/div/div[2]/div/form/div[3]/div[2]/button/span]"}],"start":1648575402530,"stop":1648575404529}],"attachments":[],"parameters":[{"name":"user","value":"admin"},{"name":"pass","value":"admin"}],"start":1648575397495,"stop":1648575404529},{"name":"verify element in element","status":"failed","statusDetails":{"known":false,"muted":false,"flaky":false,"message":"expected [Welcome to aaGrafana] but found [Welcome to Grafana]","trace":"java.lang.AssertionError: expected [Welcome to aaGrafana] but found [Welcome to Grafana]\r\n\tat org.testng.Assert.fail(Assert.java:99)\r\n\tat org.testng.Assert.failNotEquals(Assert.java:1037)\r\n\tat org.testng.Assert.assertEqualsImpl(Assert.java:140)\r\n\tat org.testng.Assert.assertEquals(Assert.java:122)\r\n\tat org.testng.Assert.assertEquals(Assert.java:629)\r\n\tat org.testng.Assert.assertEquals(Assert.java:639)\r\n\tat extentions.Verifications.VerifyTextInElement(Verifications.java:32)\r\n\tat sanity.GrafanaLogin.Test06_verifyHeader(GrafanaLogin.java:46)\r\n\tat sun.reflect.NativeMethodAccessorImpl.invoke0(Native Method)\r\n\tat sun.reflect.NativeMethodAccessorImpl.invoke(NativeMethodAccessorImpl.java:62)\r\n\tat sun.reflect.DelegatingMethodAccessorImpl.invoke(DelegatingMethodAccessorImpl.java:43)\r\n\tat java.lang.reflect.Method.invoke(Method.java:498)\r\n\tat org.testng.internal.MethodInvocationHelper.invokeMethod(MethodInvocationHelper.java:133)\r\n\tat org.testng.internal.TestInvoker.invokeMethod(TestInvoker.java:598)\r\n\tat org.testng.internal.TestInvoker.invokeTestMethod(TestInvoker.java:173)\r\n\tat org.testng.internal.MethodRunner.runInSequence(MethodRunner.java:46)\r\n\tat org.testng.internal.TestInvoker$MethodInvocationAgent.invoke(TestInvoker.java:824)\r\n\tat org.testng.internal.TestInvoker.invokeTestMethods(TestInvoker.java:146)\r\n\tat org.testng.internal.TestMethodWorker.invokeTestMethods(TestMethodWorker.java:146)\r\n\tat org.testng.internal.TestMethodWorker.run(TestMethodWorker.java:128)\r\n\tat java.util.ArrayList.forEach(ArrayList.java:1259)\r\n\tat org.testng.TestRunner.privateRun(TestRunner.java:794)\r\n\tat org.testng.TestRunner.run(TestRunner.java:596)\r\n\tat org.testng.SuiteRunner.runTest(SuiteRunner.java:377)\r\n\tat org.testng.SuiteRunner.runSequentially(SuiteRunner.java:371)\r\n\tat org.testng.SuiteRunner.privateRun(SuiteRunner.java:332)\r\n\tat org.testng.SuiteRunner.run(SuiteRunner.java:276)\r\n\tat org.testng.SuiteRunnerWorker.runSuite(SuiteRunnerWorker.java:53)\r\n\tat org.testng.SuiteRunnerWorker.run(SuiteRunnerWorker.java:96)\r\n\tat org.testng.TestNG.runSuitesSequentially(TestNG.java:1212)\r\n\tat org.testng.TestNG.runSuitesLocally(TestNG.java:1134)\r\n\tat org.testng.TestNG.runSuites(TestNG.java:1063)\r\n\tat org.testng.TestNG.run(TestNG.java:1031)\r\n\tat com.intellij.rt.testng.IDEARemoteTestNG.run(IDEARemoteTestNG.java:66)\r\n\tat com.intellij.rt.testng.RemoteTestNGStarter.main(RemoteTestNGStarter.java:109)\r\n"},"stage":"finished","steps":[],"attachments":[],"parameters":[{"name":"elem","value":"[[ChromeDriver: chrome on WINDOWS (edfccc69e0a2a2ed7cb0d5aac8add78c)] -> class: css-1aanzv4]"},{"name":"expected","value":"Welcome to aaGrafana"}],"start":1648575404580,"stop":1648575404682}],"attachments":[{"name":"Page Screen-Shot","source":"b290472f-1d25-48ab-888d-4532ced96df6-attachment","type":"image/pnp"}],"parameters":[],"start":1648575397461,"stop":1648575405146}