{"uuid":"788d9ff4-f196-4d4c-94d4-0eff1b3490e1","historyId":"cc75bae46c33c5d00786521600c8b1a4","fullName":"sanity.GrafanaServerAdmin.Test02_VerifyNewUser","labels":[{"name":"package","value":"sanity.GrafanaServerAdmin"},{"name":"testClass","value":"sanity.GrafanaServerAdmin"},{"name":"testMethod","value":"Test02_VerifyNewUser"},{"name":"parentSuite","value":"grafana web"},{"name":"suite","value":"grafana login"},{"name":"subSuite","value":"sanity.GrafanaServerAdmin"},{"name":"host","value":"LAPTOP-TOSPREI7"},{"name":"thread","value":"19524@LAPTOP-TOSPREI7.main(1)"},{"name":"framework","value":"testng"},{"name":"language","value":"java"}],"links":[],"name":"Test02_VerifyNewUser","status":"broken","statusDetails":{"known":false,"muted":false,"flaky":false,"message":"-1","trace":"java.lang.ArrayIndexOutOfBoundsException: -1\r\n\tat java.util.ArrayList.elementData(ArrayList.java:424)\r\n\tat java.util.ArrayList.get(ArrayList.java:437)\r\n\tat sun.reflect.NativeMethodAccessorImpl.invoke0(Native Method)\r\n\tat sun.reflect.NativeMethodAccessorImpl.invoke(NativeMethodAccessorImpl.java:62)\r\n\tat sun.reflect.DelegatingMethodAccessorImpl.invoke(DelegatingMethodAccessorImpl.java:43)\r\n\tat java.lang.reflect.Method.invoke(Method.java:498)\r\n\tat org.openqa.selenium.support.pagefactory.internal.LocatingElementListHandler.invoke(LocatingElementListHandler.java:40)\r\n\tat com.sun.proxy.$Proxy18.get(Unknown Source)\r\n\tat extentions.Verifications.VerifyNumOfElements(Verifications.java:36)\r\n\tat sanity.GrafanaServerAdmin.Test02_VerifyNewUser(GrafanaServerAdmin.java:28)\r\n\tat sun.reflect.NativeMethodAccessorImpl.invoke0(Native Method)\r\n\tat sun.reflect.NativeMethodAccessorImpl.invoke(NativeMethodAccessorImpl.java:62)\r\n\tat sun.reflect.DelegatingMethodAccessorImpl.invoke(DelegatingMethodAccessorImpl.java:43)\r\n\tat java.lang.reflect.Method.invoke(Method.java:498)\r\n\tat org.testng.internal.MethodInvocationHelper.invokeMethod(MethodInvocationHelper.java:133)\r\n\tat org.testng.internal.TestInvoker.invokeMethod(TestInvoker.java:598)\r\n\tat org.testng.internal.TestInvoker.invokeTestMethod(TestInvoker.java:173)\r\n\tat org.testng.internal.MethodRunner.runInSequence(MethodRunner.java:46)\r\n\tat org.testng.internal.TestInvoker$MethodInvocationAgent.invoke(TestInvoker.java:824)\r\n\tat org.testng.internal.TestInvoker.invokeTestMethods(TestInvoker.java:146)\r\n\tat org.testng.internal.TestMethodWorker.invokeTestMethods(TestMethodWorker.java:146)\r\n\tat org.testng.internal.TestMethodWorker.run(TestMethodWorker.java:128)\r\n\tat java.util.ArrayList.forEach(ArrayList.java:1259)\r\n\tat org.testng.TestRunner.privateRun(TestRunner.java:794)\r\n\tat org.testng.TestRunner.run(TestRunner.java:596)\r\n\tat org.testng.SuiteRunner.runTest(SuiteRunner.java:377)\r\n\tat org.testng.SuiteRunner.runSequentially(SuiteRunner.java:371)\r\n\tat org.testng.SuiteRunner.privateRun(SuiteRunner.java:332)\r\n\tat org.testng.SuiteRunner.run(SuiteRunner.java:276)\r\n\tat org.testng.SuiteRunnerWorker.runSuite(SuiteRunnerWorker.java:53)\r\n\tat org.testng.SuiteRunnerWorker.run(SuiteRunnerWorker.java:96)\r\n\tat org.testng.TestNG.runSuitesSequentially(TestNG.java:1212)\r\n\tat org.testng.TestNG.runSuitesLocally(TestNG.java:1134)\r\n\tat org.testng.TestNG.runSuites(TestNG.java:1063)\r\n\tat org.testng.TestNG.run(TestNG.java:1031)\r\n\tat com.intellij.rt.testng.IDEARemoteTestNG.run(IDEARemoteTestNG.java:66)\r\n\tat com.intellij.rt.testng.RemoteTestNGStarter.main(RemoteTestNGStarter.java:109)\r\n"},"stage":"finished","description":"this test verify the new create user","steps":[{"name":"Business flow: create new user","status":"passed","stage":"finished","steps":[{"name":"click on element","status":"passed","stage":"finished","steps":[],"attachments":[],"parameters":[{"name":"elem","value":"[[ChromeDriver: chrome on WINDOWS (a3c874455d8b936bfea83f8fff18bb64)] -> class: css-sqvqs4-button]"}],"start":1648575421232,"stop":1648575421387},{"name":"send keys text","status":"passed","stage":"finished","steps":[],"attachments":[],"parameters":[{"name":"elem","value":"[[ChromeDriver: chrome on WINDOWS (a3c874455d8b936bfea83f8fff18bb64)] -> id: name-input]"},{"name":"text","value":"tal"}],"start":1648575421441,"stop":1648575421631},{"name":"send keys text","status":"passed","stage":"finished","steps":[],"attachments":[],"parameters":[{"name":"elem","value":"[[ChromeDriver: chrome on WINDOWS (a3c874455d8b936bfea83f8fff18bb64)] -> id: username-input]"},{"name":"text","value":"tal"}],"start":1648575421652,"stop":1648575421877},{"name":"send keys text","status":"passed","stage":"finished","steps":[],"attachments":[],"parameters":[{"name":"elem","value":"[[ChromeDriver: chrome on WINDOWS (a3c874455d8b936bfea83f8fff18bb64)] -> id: email-input]"},{"name":"text","value":"tal@gmail.com"}],"start":1648575421898,"stop":1648575422106},{"name":"send keys text","status":"passed","stage":"finished","steps":[],"attachments":[],"parameters":[{"name":"elem","value":"[[ChromeDriver: chrome on WINDOWS (a3c874455d8b936bfea83f8fff18bb64)] -> id: password-input]"},{"name":"text","value":"admin"}],"start":1648575422128,"stop":1648575422263},{"name":"click on element","status":"passed","stage":"finished","steps":[],"attachments":[],"parameters":[{"name":"elem","value":"[[ChromeDriver: chrome on WINDOWS (a3c874455d8b936bfea83f8fff18bb64)] -> class: css-sqvqs4-button]"}],"start":1648575422274,"stop":1648575422394}],"attachments":[],"parameters":[{"name":"Name","value":"tal"},{"name":"Email","value":"tal@gmail.com"},{"name":"userName","value":"tal"},{"name":"pass","value":"admin"}],"start":1648575421217,"stop":1648575422394},{"name":"verify the size of element//list ","status":"broken","statusDetails":{"known":false,"muted":false,"flaky":false,"message":"-1","trace":"java.lang.ArrayIndexOutOfBoundsException: -1\r\n\tat java.util.ArrayList.elementData(ArrayList.java:424)\r\n\tat java.util.ArrayList.get(ArrayList.java:437)\r\n\tat sun.reflect.NativeMethodAccessorImpl.invoke0(Native Method)\r\n\tat sun.reflect.NativeMethodAccessorImpl.invoke(NativeMethodAccessorImpl.java:62)\r\n\tat sun.reflect.DelegatingMethodAccessorImpl.invoke(DelegatingMethodAccessorImpl.java:43)\r\n\tat java.lang.reflect.Method.invoke(Method.java:498)\r\n\tat org.openqa.selenium.support.pagefactory.internal.LocatingElementListHandler.invoke(LocatingElementListHandler.java:40)\r\n\tat com.sun.proxy.$Proxy18.get(Unknown Source)\r\n\tat extentions.Verifications.VerifyNumOfElements(Verifications.java:36)\r\n\tat sanity.GrafanaServerAdmin.Test02_VerifyNewUser(GrafanaServerAdmin.java:28)\r\n\tat sun.reflect.NativeMethodAccessorImpl.invoke0(Native Method)\r\n\tat sun.reflect.NativeMethodAccessorImpl.invoke(NativeMethodAccessorImpl.java:62)\r\n\tat sun.reflect.DelegatingMethodAccessorImpl.invoke(DelegatingMethodAccessorImpl.java:43)\r\n\tat java.lang.reflect.Method.invoke(Method.java:498)\r\n\tat org.testng.internal.MethodInvocationHelper.invokeMethod(MethodInvocationHelper.java:133)\r\n\tat org.testng.internal.TestInvoker.invokeMethod(TestInvoker.java:598)\r\n\tat org.testng.internal.TestInvoker.invokeTestMethod(TestInvoker.java:173)\r\n\tat org.testng.internal.MethodRunner.runInSequence(MethodRunner.java:46)\r\n\tat org.testng.internal.TestInvoker$MethodInvocationAgent.invoke(TestInvoker.java:824)\r\n\tat org.testng.internal.TestInvoker.invokeTestMethods(TestInvoker.java:146)\r\n\tat org.testng.internal.TestMethodWorker.invokeTestMethods(TestMethodWorker.java:146)\r\n\tat org.testng.internal.TestMethodWorker.run(TestMethodWorker.java:128)\r\n\tat java.util.ArrayList.forEach(ArrayList.java:1259)\r\n\tat org.testng.TestRunner.privateRun(TestRunner.java:794)\r\n\tat org.testng.TestRunner.run(TestRunner.java:596)\r\n\tat org.testng.SuiteRunner.runTest(SuiteRunner.java:377)\r\n\tat org.testng.SuiteRunner.runSequentially(SuiteRunner.java:371)\r\n\tat org.testng.SuiteRunner.privateRun(SuiteRunner.java:332)\r\n\tat org.testng.SuiteRunner.run(SuiteRunner.java:276)\r\n\tat org.testng.SuiteRunnerWorker.runSuite(SuiteRunnerWorker.java:53)\r\n\tat org.testng.SuiteRunnerWorker.run(SuiteRunnerWorker.java:96)\r\n\tat org.testng.TestNG.runSuitesSequentially(TestNG.java:1212)\r\n\tat org.testng.TestNG.runSuitesLocally(TestNG.java:1134)\r\n\tat org.testng.TestNG.runSuites(TestNG.java:1063)\r\n\tat org.testng.TestNG.run(TestNG.java:1031)\r\n\tat com.intellij.rt.testng.IDEARemoteTestNG.run(IDEARemoteTestNG.java:66)\r\n\tat com.intellij.rt.testng.RemoteTestNGStarter.main(RemoteTestNGStarter.java:109)\r\n"},"stage":"finished","steps":[],"attachments":[],"parameters":[{"name":"elems","value":"[]"},{"name":"excepted","value":"5"}],"start":1648575427411,"stop":1648575437513}],"attachments":[{"name":"Page Screen-Shot","source":"46c3fac7-3e48-4d4a-82e9-bbfd891392a5-attachment","type":"image/pnp"}],"parameters":[],"start":1648575421217,"stop":1648575437881}