<?xml version="1.0" encoding="UTF-8"?>
<!-- Generated by org.testng.reporters.JUnitXMLReporter -->
<testsuite hostname="LAPTOP-TOSPREI7" ignored="1" name="grafana login" tests="10" failures="2" timestamp="2022-04-02T22:52:31 IDT" time="115.395" errors="0">
  <testcase name="Test01_displyTitleLogin" time="3.335" classname="sanity.GrafanaLogin"/>
  <testcase name="Test02_displyEmailNote" time="0.563" classname="sanity.GrafanaLogin"/>
  <testcase name="Test03_displyPassNote" time="0.434" classname="sanity.GrafanaLogin"/>
  <testcase name="Test04_displyForgotLink" time="0.689" classname="sanity.GrafanaLogin"/>
  <testcase name="Test05_VerifyEnabledButton" time="0.705" classname="sanity.GrafanaLogin"/>
  <testcase name="Test06_verifyHeader" time="10.814" classname="sanity.GrafanaLogin"/>
  <testcase name="Test01_verifyToolBar" time="11.581" classname="sanity.GrafanaMainPage"/>
  <testcase name="Test01_verifyDefaultUser" time="4.254" classname="sanity.GrafanaServerAdmin">
    <failure type="java.lang.AssertionError" message="expected [1] but found [2]">
      <![CDATA[java.lang.AssertionError: expected [1] but found [2]
at extentions.Verifications.VerifyNumOfElements(Verifications.java:37)
at sanity.GrafanaServerAdmin.Test01_verifyDefaultUser(GrafanaServerAdmin.java:18)
at java.util.ArrayList.forEach(ArrayList.java:1259)
... Removed 37 stack frames]]>
    </failure>
  </testcase> <!-- Test01_verifyDefaultUser -->
  <testcase name="Test02_VerifyNewUser" time="16.442" classname="sanity.GrafanaServerAdmin">
    <failure type="java.lang.ArrayIndexOutOfBoundsException" message="-1">
      <![CDATA[java.lang.ArrayIndexOutOfBoundsException: -1
at java.util.ArrayList.elementData(ArrayList.java:424)
at java.util.ArrayList.get(ArrayList.java:437)
at org.openqa.selenium.support.pagefactory.internal.LocatingElementListHandler.invoke(LocatingElementListHandler.java:40)
at com.sun.proxy.$Proxy15.get(Unknown Source)
at extentions.Verifications.VerifyNumOfElements(Verifications.java:36)
at sanity.GrafanaServerAdmin.Test02_VerifyNewUser(GrafanaServerAdmin.java:25)
at java.util.ArrayList.forEach(ArrayList.java:1259)
... Removed 35 stack frames]]>
    </failure>
  </testcase> <!-- Test02_VerifyNewUser -->
  <testcase name="Test04_SearchUsers" time="13.141" classname="sanity.GrafanaServerAdmin"/>
  <testcase name="Test03_VerifyDeletionUser" time="0.0" classname="sanity.GrafanaServerAdmin">
    <ignored/>
  </testcase> <!-- Test03_VerifyDeletionUser -->
</testsuite> <!-- grafana login -->
