<?xml version="1.0" encoding="UTF-8"?>
<testng-results skipped="0" failed="2" ignored="1" total="11" passed="8">
  <reporter-output>
  </reporter-output>
  <suite name="grafana web" duration-ms="115395" started-at="2022-04-02T22:50:35 IDT" finished-at="2022-04-02T22:52:31 IDT">
    <groups>
    </groups>
    <test name="grafana login" duration-ms="115395" started-at="2022-04-02T22:50:35 IDT" finished-at="2022-04-02T22:52:31 IDT">
      <class name="sanity.GrafanaMainPage">
        <test-method status="PASS" signature="StartSession()[pri:0, instance:sanity.GrafanaMainPage@1b822fcc]" name="StartSession" is-config="true" duration-ms="8930" started-at="2022-04-02T22:51:25 IDT" finished-at="2022-04-02T22:51:34 IDT">
          <reporter-output>
          </reporter-output>
        </test-method> <!-- StartSession -->
        <test-method status="PASS" signature="BeforeMethod(java.lang.reflect.Method)[pri:0, instance:sanity.GrafanaMainPage@1b822fcc]" name="BeforeMethod" is-config="true" duration-ms="184" started-at="2022-04-02T22:51:34 IDT" finished-at="2022-04-02T22:51:34 IDT">
          <params>
            <param index="0">
              <value>
                <![CDATA[public void sanity.GrafanaMainPage.Test01_verifyToolBar()]]>
              </value>
            </param>
          </params>
          <reporter-output>
          </reporter-output>
        </test-method> <!-- BeforeMethod -->
        <test-method status="PASS" signature="Test01_verifyToolBar()[pri:0, instance:sanity.GrafanaMainPage@1b822fcc]" name="Test01_verifyToolBar" duration-ms="11581" started-at="2022-04-02T22:51:34 IDT" description="Test01_verifyToolBar" finished-at="2022-04-02T22:51:46 IDT">
          <reporter-output>
          </reporter-output>
        </test-method> <!-- Test01_verifyToolBar -->
        <test-method status="PASS" signature="CloseSession()[pri:0, instance:sanity.GrafanaMainPage@1b822fcc]" name="CloseSession" is-config="true" duration-ms="1339" started-at="2022-04-02T22:51:46 IDT" finished-at="2022-04-02T22:51:47 IDT">
          <reporter-output>
          </reporter-output>
        </test-method> <!-- CloseSession -->
      </class> <!-- sanity.GrafanaMainPage -->
      <class name="sanity.GrafanaServerAdmin">
        <test-method status="PASS" signature="StartSession()[pri:0, instance:sanity.GrafanaServerAdmin@56102e1c]" name="StartSession" is-config="true" duration-ms="7523" started-at="2022-04-02T22:51:47 IDT" finished-at="2022-04-02T22:51:55 IDT">
          <reporter-output>
          </reporter-output>
        </test-method> <!-- StartSession -->
        <test-method status="PASS" signature="BeforeMethod(java.lang.reflect.Method)[pri:0, instance:sanity.GrafanaServerAdmin@56102e1c]" name="BeforeMethod" is-config="true" duration-ms="15" started-at="2022-04-02T22:51:55 IDT" finished-at="2022-04-02T22:51:55 IDT">
          <params>
            <param index="0">
              <value>
                <![CDATA[public void sanity.GrafanaServerAdmin.Test01_verifyDefaultUser()]]>
              </value>
            </param>
          </params>
          <reporter-output>
          </reporter-output>
        </test-method> <!-- BeforeMethod -->
        <test-method status="FAIL" signature="Test01_verifyDefaultUser()[pri:0, instance:sanity.GrafanaServerAdmin@56102e1c]" name="Test01_verifyDefaultUser" duration-ms="4254" started-at="2022-04-02T22:51:55 IDT" description="Test01_verifyDefaultUser" finished-at="2022-04-02T22:51:59 IDT">
          <exception class="java.lang.AssertionError">
            <message>
              <![CDATA[expected [1] but found [2]]]>
            </message>
            <full-stacktrace>
              <![CDATA[java.lang.AssertionError: expected [1] but found [2]
at org.testng.Assert.fail(Assert.java:99)
at org.testng.Assert.failNotEquals(Assert.java:1037)
at org.testng.Assert.assertEqualsImpl(Assert.java:140)
at org.testng.Assert.assertEquals(Assert.java:122)
at org.testng.Assert.assertEquals(Assert.java:907)
at org.testng.Assert.assertEquals(Assert.java:917)
at extentions.Verifications.VerifyNumOfElements(Verifications.java:37)
at sanity.GrafanaServerAdmin.Test01_verifyDefaultUser(GrafanaServerAdmin.java:18)
at sun.reflect.NativeMethodAccessorImpl.invoke0(Native Method)
at sun.reflect.NativeMethodAccessorImpl.invoke(NativeMethodAccessorImpl.java:62)
at sun.reflect.DelegatingMethodAccessorImpl.invoke(DelegatingMethodAccessorImpl.java:43)
at java.lang.reflect.Method.invoke(Method.java:498)
at org.testng.internal.MethodInvocationHelper.invokeMethod(MethodInvocationHelper.java:133)
at org.testng.internal.TestInvoker.invokeMethod(TestInvoker.java:598)
at org.testng.internal.TestInvoker.invokeTestMethod(TestInvoker.java:173)
at org.testng.internal.MethodRunner.runInSequence(MethodRunner.java:46)
at org.testng.internal.TestInvoker$MethodInvocationAgent.invoke(TestInvoker.java:824)
at org.testng.internal.TestInvoker.invokeTestMethods(TestInvoker.java:146)
at org.testng.internal.TestMethodWorker.invokeTestMethods(TestMethodWorker.java:146)
at org.testng.internal.TestMethodWorker.run(TestMethodWorker.java:128)
at java.util.ArrayList.forEach(ArrayList.java:1259)
at org.testng.TestRunner.privateRun(TestRunner.java:794)
at org.testng.TestRunner.run(TestRunner.java:596)
at org.testng.SuiteRunner.runTest(SuiteRunner.java:377)
at org.testng.SuiteRunner.runSequentially(SuiteRunner.java:371)
at org.testng.SuiteRunner.privateRun(SuiteRunner.java:332)
at org.testng.SuiteRunner.run(SuiteRunner.java:276)
at org.testng.SuiteRunnerWorker.runSuite(SuiteRunnerWorker.java:53)
at org.testng.SuiteRunnerWorker.run(SuiteRunnerWorker.java:96)
at org.testng.TestNG.runSuitesSequentially(TestNG.java:1212)
at org.testng.TestNG.runSuitesLocally(TestNG.java:1134)
at org.testng.TestNG.runSuites(TestNG.java:1063)
at org.testng.TestNG.run(TestNG.java:1031)
at org.apache.maven.surefire.testng.TestNGExecutor.run(TestNGExecutor.java:283)
at org.apache.maven.surefire.testng.TestNGXmlTestSuite.execute(TestNGXmlTestSuite.java:75)
at org.apache.maven.surefire.testng.TestNGProvider.invoke(TestNGProvider.java:120)
at org.apache.maven.surefire.booter.ForkedBooter.invokeProviderInSameClassLoader(ForkedBooter.java:384)
at org.apache.maven.surefire.booter.ForkedBooter.runSuitesInProcess(ForkedBooter.java:345)
at org.apache.maven.surefire.booter.ForkedBooter.execute(ForkedBooter.java:126)
at org.apache.maven.surefire.booter.ForkedBooter.main(ForkedBooter.java:418)
]]>
            </full-stacktrace>
          </exception> <!-- java.lang.AssertionError -->
          <reporter-output>
          </reporter-output>
        </test-method> <!-- Test01_verifyDefaultUser -->
        <test-method status="PASS" signature="BeforeMethod(java.lang.reflect.Method)[pri:0, instance:sanity.GrafanaServerAdmin@56102e1c]" name="BeforeMethod" is-config="true" duration-ms="21" started-at="2022-04-02T22:52:00 IDT" finished-at="2022-04-02T22:52:00 IDT">
          <params>
            <param index="0">
              <value>
                <![CDATA[public void sanity.GrafanaServerAdmin.Test02_VerifyNewUser()]]>
              </value>
            </param>
          </params>
          <reporter-output>
          </reporter-output>
        </test-method> <!-- BeforeMethod -->
        <test-method status="FAIL" signature="Test02_VerifyNewUser()[pri:0, instance:sanity.GrafanaServerAdmin@56102e1c]" name="Test02_VerifyNewUser" duration-ms="16442" started-at="2022-04-02T22:52:00 IDT" description="Test02_VerifyNewUser" finished-at="2022-04-02T22:52:16 IDT">
          <exception class="java.lang.ArrayIndexOutOfBoundsException">
            <message>
              <![CDATA[-1]]>
            </message>
            <full-stacktrace>
              <![CDATA[java.lang.ArrayIndexOutOfBoundsException: -1
at java.util.ArrayList.elementData(ArrayList.java:424)
at java.util.ArrayList.get(ArrayList.java:437)
at sun.reflect.NativeMethodAccessorImpl.invoke0(Native Method)
at sun.reflect.NativeMethodAccessorImpl.invoke(NativeMethodAccessorImpl.java:62)
at sun.reflect.DelegatingMethodAccessorImpl.invoke(DelegatingMethodAccessorImpl.java:43)
at java.lang.reflect.Method.invoke(Method.java:498)
at org.openqa.selenium.support.pagefactory.internal.LocatingElementListHandler.invoke(LocatingElementListHandler.java:40)
at com.sun.proxy.$Proxy15.get(Unknown Source)
at extentions.Verifications.VerifyNumOfElements(Verifications.java:36)
at sanity.GrafanaServerAdmin.Test02_VerifyNewUser(GrafanaServerAdmin.java:25)
at sun.reflect.NativeMethodAccessorImpl.invoke0(Native Method)
at sun.reflect.NativeMethodAccessorImpl.invoke(NativeMethodAccessorImpl.java:62)
at sun.reflect.DelegatingMethodAccessorImpl.invoke(DelegatingMethodAccessorImpl.java:43)
at java.lang.reflect.Method.invoke(Method.java:498)
at org.testng.internal.MethodInvocationHelper.invokeMethod(MethodInvocationHelper.java:133)
at org.testng.internal.TestInvoker.invokeMethod(TestInvoker.java:598)
at org.testng.internal.TestInvoker.invokeTestMethod(TestInvoker.java:173)
at org.testng.internal.MethodRunner.runInSequence(MethodRunner.java:46)
at org.testng.internal.TestInvoker$MethodInvocationAgent.invoke(TestInvoker.java:824)
at org.testng.internal.TestInvoker.invokeTestMethods(TestInvoker.java:146)
at org.testng.internal.TestMethodWorker.invokeTestMethods(TestMethodWorker.java:146)
at org.testng.internal.TestMethodWorker.run(TestMethodWorker.java:128)
at java.util.ArrayList.forEach(ArrayList.java:1259)
at org.testng.TestRunner.privateRun(TestRunner.java:794)
at org.testng.TestRunner.run(TestRunner.java:596)
at org.testng.SuiteRunner.runTest(SuiteRunner.java:377)
at org.testng.SuiteRunner.runSequentially(SuiteRunner.java:371)
at org.testng.SuiteRunner.privateRun(SuiteRunner.java:332)
at org.testng.SuiteRunner.run(SuiteRunner.java:276)
at org.testng.SuiteRunnerWorker.runSuite(SuiteRunnerWorker.java:53)
at org.testng.SuiteRunnerWorker.run(SuiteRunnerWorker.java:96)
at org.testng.TestNG.runSuitesSequentially(TestNG.java:1212)
at org.testng.TestNG.runSuitesLocally(TestNG.java:1134)
at org.testng.TestNG.runSuites(TestNG.java:1063)
at org.testng.TestNG.run(TestNG.java:1031)
at org.apache.maven.surefire.testng.TestNGExecutor.run(TestNGExecutor.java:283)
at org.apache.maven.surefire.testng.TestNGXmlTestSuite.execute(TestNGXmlTestSuite.java:75)
at org.apache.maven.surefire.testng.TestNGProvider.invoke(TestNGProvider.java:120)
at org.apache.maven.surefire.booter.ForkedBooter.invokeProviderInSameClassLoader(ForkedBooter.java:384)
at org.apache.maven.surefire.booter.ForkedBooter.runSuitesInProcess(ForkedBooter.java:345)
at org.apache.maven.surefire.booter.ForkedBooter.execute(ForkedBooter.java:126)
at org.apache.maven.surefire.booter.ForkedBooter.main(ForkedBooter.java:418)
]]>
            </full-stacktrace>
          </exception> <!-- java.lang.ArrayIndexOutOfBoundsException -->
          <reporter-output>
          </reporter-output>
        </test-method> <!-- Test02_VerifyNewUser -->
        <test-method status="PASS" signature="BeforeMethod(java.lang.reflect.Method)[pri:0, instance:sanity.GrafanaServerAdmin@56102e1c]" name="BeforeMethod" is-config="true" duration-ms="23" started-at="2022-04-02T22:52:17 IDT" finished-at="2022-04-02T22:52:17 IDT">
          <params>
            <param index="0">
              <value>
                <![CDATA[public void sanity.GrafanaServerAdmin.Test04_SearchUsers()]]>
              </value>
            </param>
          </params>
          <reporter-output>
          </reporter-output>
        </test-method> <!-- BeforeMethod -->
        <test-method status="PASS" signature="Test04_SearchUsers()[pri:0, instance:sanity.GrafanaServerAdmin@56102e1c]" name="Test04_SearchUsers" duration-ms="13141" started-at="2022-04-02T22:52:17 IDT" description="Test04_Search Users" finished-at="2022-04-02T22:52:30 IDT">
          <reporter-output>
          </reporter-output>
        </test-method> <!-- Test04_SearchUsers -->
        <test-method status="PASS" signature="CloseSession()[pri:0, instance:sanity.GrafanaServerAdmin@56102e1c]" name="CloseSession" is-config="true" duration-ms="848" started-at="2022-04-02T22:52:30 IDT" finished-at="2022-04-02T22:52:31 IDT">
          <reporter-output>
          </reporter-output>
        </test-method> <!-- CloseSession -->
      </class> <!-- sanity.GrafanaServerAdmin -->
      <class name="sanity.GrafanaLogin">
        <test-method status="PASS" signature="StartSession()[pri:0, instance:sanity.GrafanaLogin@67427b69]" name="StartSession" is-config="true" duration-ms="27777" started-at="2022-04-02T22:50:36 IDT" finished-at="2022-04-02T22:51:03 IDT">
          <reporter-output>
          </reporter-output>
        </test-method> <!-- StartSession -->
        <test-method status="PASS" signature="BeforeMethod(java.lang.reflect.Method)[pri:0, instance:sanity.GrafanaLogin@67427b69]" name="BeforeMethod" is-config="true" duration-ms="758" started-at="2022-04-02T22:51:04 IDT" finished-at="2022-04-02T22:51:04 IDT">
          <params>
            <param index="0">
              <value>
                <![CDATA[public void sanity.GrafanaLogin.Test01_displyTitleLogin()]]>
              </value>
            </param>
          </params>
          <reporter-output>
          </reporter-output>
        </test-method> <!-- BeforeMethod -->
        <test-method status="PASS" signature="Test01_displyTitleLogin()[pri:0, instance:sanity.GrafanaLogin@67427b69]" name="Test01_displyTitleLogin" duration-ms="3335" started-at="2022-04-02T22:51:05 IDT" description="Test01_displyTitleLogin" finished-at="2022-04-02T22:51:09 IDT">
          <reporter-output>
          </reporter-output>
        </test-method> <!-- Test01_displyTitleLogin -->
        <test-method status="PASS" signature="BeforeMethod(java.lang.reflect.Method)[pri:0, instance:sanity.GrafanaLogin@67427b69]" name="BeforeMethod" is-config="true" duration-ms="52" started-at="2022-04-02T22:51:09 IDT" finished-at="2022-04-02T22:51:09 IDT">
          <params>
            <param index="0">
              <value>
                <![CDATA[public void sanity.GrafanaLogin.Test02_displyEmailNote()]]>
              </value>
            </param>
          </params>
          <reporter-output>
          </reporter-output>
        </test-method> <!-- BeforeMethod -->
        <test-method status="PASS" signature="Test02_displyEmailNote()[pri:0, instance:sanity.GrafanaLogin@67427b69]" name="Test02_displyEmailNote" duration-ms="563" started-at="2022-04-02T22:51:09 IDT" description="Test02_displyEmailNote" finished-at="2022-04-02T22:51:09 IDT">
          <reporter-output>
          </reporter-output>
        </test-method> <!-- Test02_displyEmailNote -->
        <test-method status="PASS" signature="BeforeMethod(java.lang.reflect.Method)[pri:0, instance:sanity.GrafanaLogin@67427b69]" name="BeforeMethod" is-config="true" duration-ms="53" started-at="2022-04-02T22:51:09 IDT" finished-at="2022-04-02T22:51:09 IDT">
          <params>
            <param index="0">
              <value>
                <![CDATA[public void sanity.GrafanaLogin.Test03_displyPassNote()]]>
              </value>
            </param>
          </params>
          <reporter-output>
          </reporter-output>
        </test-method> <!-- BeforeMethod -->
        <test-method status="PASS" signature="Test03_displyPassNote()[pri:0, instance:sanity.GrafanaLogin@67427b69]" name="Test03_displyPassNote" duration-ms="434" started-at="2022-04-02T22:51:09 IDT" description="Test03_displyPassNote" finished-at="2022-04-02T22:51:10 IDT">
          <reporter-output>
          </reporter-output>
        </test-method> <!-- Test03_displyPassNote -->
        <test-method status="PASS" signature="BeforeMethod(java.lang.reflect.Method)[pri:0, instance:sanity.GrafanaLogin@67427b69]" name="BeforeMethod" is-config="true" duration-ms="73" started-at="2022-04-02T22:51:10 IDT" finished-at="2022-04-02T22:51:10 IDT">
          <params>
            <param index="0">
              <value>
                <![CDATA[public void sanity.GrafanaLogin.Test04_displyForgotLink()]]>
              </value>
            </param>
          </params>
          <reporter-output>
          </reporter-output>
        </test-method> <!-- BeforeMethod -->
        <test-method status="PASS" signature="Test04_displyForgotLink()[pri:0, instance:sanity.GrafanaLogin@67427b69]" name="Test04_displyForgotLink" duration-ms="689" started-at="2022-04-02T22:51:10 IDT" description="Test04_displyForgotLink" finished-at="2022-04-02T22:51:11 IDT">
          <reporter-output>
          </reporter-output>
        </test-method> <!-- Test04_displyForgotLink -->
        <test-method status="PASS" signature="BeforeMethod(java.lang.reflect.Method)[pri:0, instance:sanity.GrafanaLogin@67427b69]" name="BeforeMethod" is-config="true" duration-ms="113" started-at="2022-04-02T22:51:11 IDT" finished-at="2022-04-02T22:51:11 IDT">
          <params>
            <param index="0">
              <value>
                <![CDATA[public void sanity.GrafanaLogin.Test05_VerifyEnabledButton()]]>
              </value>
            </param>
          </params>
          <reporter-output>
          </reporter-output>
        </test-method> <!-- BeforeMethod -->
        <test-method status="PASS" signature="Test05_VerifyEnabledButton()[pri:0, instance:sanity.GrafanaLogin@67427b69]" name="Test05_VerifyEnabledButton" duration-ms="705" started-at="2022-04-02T22:51:11 IDT" description="Test05_VerifyEnabledButton" finished-at="2022-04-02T22:51:12 IDT">
          <reporter-output>
          </reporter-output>
        </test-method> <!-- Test05_VerifyEnabledButton -->
        <test-method status="PASS" signature="BeforeMethod(java.lang.reflect.Method)[pri:0, instance:sanity.GrafanaLogin@67427b69]" name="BeforeMethod" is-config="true" duration-ms="75" started-at="2022-04-02T22:51:12 IDT" finished-at="2022-04-02T22:51:12 IDT">
          <params>
            <param index="0">
              <value>
                <![CDATA[public void sanity.GrafanaLogin.Test06_verifyHeader()]]>
              </value>
            </param>
          </params>
          <reporter-output>
          </reporter-output>
        </test-method> <!-- BeforeMethod -->
        <test-method status="PASS" signature="Test06_verifyHeader()[pri:0, instance:sanity.GrafanaLogin@67427b69]" name="Test06_verifyHeader" duration-ms="10814" started-at="2022-04-02T22:51:12 IDT" finished-at="2022-04-02T22:51:23 IDT">
          <reporter-output>
          </reporter-output>
        </test-method> <!-- Test06_verifyHeader -->
        <test-method status="PASS" signature="CloseSession()[pri:0, instance:sanity.GrafanaLogin@67427b69]" name="CloseSession" is-config="true" duration-ms="2275" started-at="2022-04-02T22:51:23 IDT" finished-at="2022-04-02T22:51:25 IDT">
          <reporter-output>
          </reporter-output>
        </test-method> <!-- CloseSession -->
      </class> <!-- sanity.GrafanaLogin -->
    </test> <!-- grafana login -->
  </suite> <!-- grafana web -->
</testng-results>
