{
  "uid" : "da6ffb0be6a41af6",
  "name" : "Test01_verifyDefaultUser",
  "fullName" : "sanity.GrafanaServerAdmin.Test01_verifyDefaultUser",
  "historyId" : "e66f96ba7243a20055ffa7dae427c73f",
  "time" : {
    "start" : 1648414300018,
    "stop" : 1648414305038,
    "duration" : 5020
  },
  "description" : "this test verify the default user row",
  "descriptionHtml" : "<p>this test verify the default user row</p>\n",
  "status" : "failed",
  "statusMessage" : "expected [1] but found [3]",
  "statusTrace" : "java.lang.AssertionError: expected [1] but found [3]\r\n\tat org.testng.Assert.fail(Assert.java:99)\r\n\tat org.testng.Assert.failNotEquals(Assert.java:1037)\r\n\tat org.testng.Assert.assertEqualsImpl(Assert.java:140)\r\n\tat org.testng.Assert.assertEquals(Assert.java:122)\r\n\tat org.testng.Assert.assertEquals(Assert.java:907)\r\n\tat org.testng.Assert.assertEquals(Assert.java:917)\r\n\tat extentions.Verifications.VerifyNumOfElements(Verifications.java:37)\r\n\tat sanity.GrafanaServerAdmin.Test01_verifyDefaultUser(GrafanaServerAdmin.java:17)\r\n\tat sun.reflect.NativeMethodAccessorImpl.invoke0(Native Method)\r\n\tat sun.reflect.NativeMethodAccessorImpl.invoke(NativeMethodAccessorImpl.java:62)\r\n\tat sun.reflect.DelegatingMethodAccessorImpl.invoke(DelegatingMethodAccessorImpl.java:43)\r\n\tat java.lang.reflect.Method.invoke(Method.java:498)\r\n\tat org.testng.internal.MethodInvocationHelper.invokeMethod(MethodInvocationHelper.java:133)\r\n\tat org.testng.internal.TestInvoker.invokeMethod(TestInvoker.java:598)\r\n\tat org.testng.internal.TestInvoker.invokeTestMethod(TestInvoker.java:173)\r\n\tat org.testng.internal.MethodRunner.runInSequence(MethodRunner.java:46)\r\n\tat org.testng.internal.TestInvoker$MethodInvocationAgent.invoke(TestInvoker.java:824)\r\n\tat org.testng.internal.TestInvoker.invokeTestMethods(TestInvoker.java:146)\r\n\tat org.testng.internal.TestMethodWorker.invokeTestMethods(TestMethodWorker.java:146)\r\n\tat org.testng.internal.TestMethodWorker.run(TestMethodWorker.java:128)\r\n\tat java.util.ArrayList.forEach(ArrayList.java:1259)\r\n\tat org.testng.TestRunner.privateRun(TestRunner.java:794)\r\n\tat org.testng.TestRunner.run(TestRunner.java:596)\r\n\tat org.testng.SuiteRunner.runTest(SuiteRunner.java:377)\r\n\tat org.testng.SuiteRunner.runSequentially(SuiteRunner.java:371)\r\n\tat org.testng.SuiteRunner.privateRun(SuiteRunner.java:332)\r\n\tat org.testng.SuiteRunner.run(SuiteRunner.java:276)\r\n\tat org.testng.SuiteRunnerWorker.runSuite(SuiteRunnerWorker.java:53)\r\n\tat org.testng.SuiteRunnerWorker.run(SuiteRunnerWorker.java:96)\r\n\tat org.testng.TestNG.runSuitesSequentially(TestNG.java:1212)\r\n\tat org.testng.TestNG.runSuitesLocally(TestNG.java:1134)\r\n\tat org.testng.TestNG.runSuites(TestNG.java:1063)\r\n\tat org.testng.TestNG.run(TestNG.java:1031)\r\n\tat com.intellij.rt.testng.IDEARemoteTestNG.run(IDEARemoteTestNG.java:66)\r\n\tat com.intellij.rt.testng.RemoteTestNGStarter.main(RemoteTestNGStarter.java:109)\r\n",
  "flaky" : false,
  "newFailed" : false,
  "newBroken" : false,
  "newPassed" : false,
  "retriesCount" : 0,
  "retriesStatusChange" : false,
  "beforeStages" : [ {
    "name" : "StartSession",
    "time" : {
      "start" : 1648414291006,
      "stop" : 1648414299602,
      "duration" : 8596
    },
    "description" : "",
    "status" : "passed",
    "steps" : [ ],
    "attachments" : [ ],
    "parameters" : [ ],
    "attachmentsCount" : 0,
    "shouldDisplayMessage" : false,
    "stepsCount" : 0,
    "hasContent" : false
  } ],
  "testStage" : {
    "description" : "this test verify the default user row",
    "status" : "failed",
    "statusMessage" : "expected [1] but found [3]",
    "statusTrace" : "java.lang.AssertionError: expected [1] but found [3]\r\n\tat org.testng.Assert.fail(Assert.java:99)\r\n\tat org.testng.Assert.failNotEquals(Assert.java:1037)\r\n\tat org.testng.Assert.assertEqualsImpl(Assert.java:140)\r\n\tat org.testng.Assert.assertEquals(Assert.java:122)\r\n\tat org.testng.Assert.assertEquals(Assert.java:907)\r\n\tat org.testng.Assert.assertEquals(Assert.java:917)\r\n\tat extentions.Verifications.VerifyNumOfElements(Verifications.java:37)\r\n\tat sanity.GrafanaServerAdmin.Test01_verifyDefaultUser(GrafanaServerAdmin.java:17)\r\n\tat sun.reflect.NativeMethodAccessorImpl.invoke0(Native Method)\r\n\tat sun.reflect.NativeMethodAccessorImpl.invoke(NativeMethodAccessorImpl.java:62)\r\n\tat sun.reflect.DelegatingMethodAccessorImpl.invoke(DelegatingMethodAccessorImpl.java:43)\r\n\tat java.lang.reflect.Method.invoke(Method.java:498)\r\n\tat org.testng.internal.MethodInvocationHelper.invokeMethod(MethodInvocationHelper.java:133)\r\n\tat org.testng.internal.TestInvoker.invokeMethod(TestInvoker.java:598)\r\n\tat org.testng.internal.TestInvoker.invokeTestMethod(TestInvoker.java:173)\r\n\tat org.testng.internal.MethodRunner.runInSequence(MethodRunner.java:46)\r\n\tat org.testng.internal.TestInvoker$MethodInvocationAgent.invoke(TestInvoker.java:824)\r\n\tat org.testng.internal.TestInvoker.invokeTestMethods(TestInvoker.java:146)\r\n\tat org.testng.internal.TestMethodWorker.invokeTestMethods(TestMethodWorker.java:146)\r\n\tat org.testng.internal.TestMethodWorker.run(TestMethodWorker.java:128)\r\n\tat java.util.ArrayList.forEach(ArrayList.java:1259)\r\n\tat org.testng.TestRunner.privateRun(TestRunner.java:794)\r\n\tat org.testng.TestRunner.run(TestRunner.java:596)\r\n\tat org.testng.SuiteRunner.runTest(SuiteRunner.java:377)\r\n\tat org.testng.SuiteRunner.runSequentially(SuiteRunner.java:371)\r\n\tat org.testng.SuiteRunner.privateRun(SuiteRunner.java:332)\r\n\tat org.testng.SuiteRunner.run(SuiteRunner.java:276)\r\n\tat org.testng.SuiteRunnerWorker.runSuite(SuiteRunnerWorker.java:53)\r\n\tat org.testng.SuiteRunnerWorker.run(SuiteRunnerWorker.java:96)\r\n\tat org.testng.TestNG.runSuitesSequentially(TestNG.java:1212)\r\n\tat org.testng.TestNG.runSuitesLocally(TestNG.java:1134)\r\n\tat org.testng.TestNG.runSuites(TestNG.java:1063)\r\n\tat org.testng.TestNG.run(TestNG.java:1031)\r\n\tat com.intellij.rt.testng.IDEARemoteTestNG.run(IDEARemoteTestNG.java:66)\r\n\tat com.intellij.rt.testng.RemoteTestNGStarter.main(RemoteTestNGStarter.java:109)\r\n",
    "steps" : [ {
      "name" : "Business flow: login",
      "time" : {
        "start" : 1648414300217,
        "stop" : 1648414302898,
        "duration" : 2681
      },
      "status" : "passed",
      "steps" : [ {
        "name" : "send keys text",
        "time" : {
          "start" : 1648414300290,
          "stop" : 1648414300597,
          "duration" : 307
        },
        "status" : "passed",
        "steps" : [ ],
        "attachments" : [ ],
        "parameters" : [ {
          "name" : "elem",
          "value" : "[[ChromeDriver: chrome on WINDOWS (5494f2574a25593977afd98b7fc4102f)] -> name: user]"
        }, {
          "name" : "text",
          "value" : "admin"
        } ],
        "attachmentsCount" : 0,
        "shouldDisplayMessage" : false,
        "stepsCount" : 0,
        "hasContent" : true
      }, {
        "name" : "send keys text",
        "time" : {
          "start" : 1648414300625,
          "stop" : 1648414300850,
          "duration" : 225
        },
        "status" : "passed",
        "steps" : [ ],
        "attachments" : [ ],
        "parameters" : [ {
          "name" : "elem",
          "value" : "[[ChromeDriver: chrome on WINDOWS (5494f2574a25593977afd98b7fc4102f)] -> id: current-password]"
        }, {
          "name" : "text",
          "value" : "admin"
        } ],
        "attachmentsCount" : 0,
        "shouldDisplayMessage" : false,
        "stepsCount" : 0,
        "hasContent" : true
      }, {
        "name" : "click on element",
        "time" : {
          "start" : 1648414300953,
          "stop" : 1648414301305,
          "duration" : 352
        },
        "status" : "passed",
        "steps" : [ ],
        "attachments" : [ ],
        "parameters" : [ {
          "name" : "elem",
          "value" : "[[ChromeDriver: chrome on WINDOWS (5494f2574a25593977afd98b7fc4102f)] -> class: css-3coq9d-button]"
        } ],
        "attachmentsCount" : 0,
        "shouldDisplayMessage" : false,
        "stepsCount" : 0,
        "hasContent" : true
      }, {
        "name" : "click on element",
        "time" : {
          "start" : 1648414301444,
          "stop" : 1648414302898,
          "duration" : 1454
        },
        "status" : "passed",
        "steps" : [ ],
        "attachments" : [ ],
        "parameters" : [ {
          "name" : "elem",
          "value" : "[[ChromeDriver: chrome on WINDOWS (5494f2574a25593977afd98b7fc4102f)] -> xpath: //*[@id=\"reactRoot\"]/div/main/div[3]/div/div[2]/div/form/div[3]/div[2]/button/span]"
        } ],
        "attachmentsCount" : 0,
        "shouldDisplayMessage" : false,
        "stepsCount" : 0,
        "hasContent" : true
      } ],
      "attachments" : [ ],
      "parameters" : [ {
        "name" : "user",
        "value" : "admin"
      }, {
        "name" : "pass",
        "value" : "admin"
      } ],
      "attachmentsCount" : 0,
      "shouldDisplayMessage" : false,
      "stepsCount" : 4,
      "hasContent" : true
    }, {
      "name" : "mouse over between two elements",
      "time" : {
        "start" : 1648414302935,
        "stop" : 1648414304756,
        "duration" : 1821
      },
      "status" : "passed",
      "steps" : [ ],
      "attachments" : [ ],
      "parameters" : [ {
        "name" : "elem1",
        "value" : "[[ChromeDriver: chrome on WINDOWS (5494f2574a25593977afd98b7fc4102f)] -> xpath: //*[@id=\"reactRoot\"]/div/nav/div[3]/div[6]]"
      }, {
        "name" : "elem2",
        "value" : "[[ChromeDriver: chrome on WINDOWS (5494f2574a25593977afd98b7fc4102f)] -> xpath: //body/div[@id='reactRoot']/div[1]/nav[1]/div[3]/div[6]/ul[1]/li[2]/a[1]]"
      } ],
      "attachmentsCount" : 0,
      "shouldDisplayMessage" : false,
      "stepsCount" : 0,
      "hasContent" : true
    }, {
      "name" : "verify the size of element//list ",
      "time" : {
        "start" : 1648414304855,
        "stop" : 1648414305015,
        "duration" : 160
      },
      "status" : "failed",
      "statusMessage" : "expected [1] but found [3]",
      "statusTrace" : "java.lang.AssertionError: expected [1] but found [3]\r\n\tat org.testng.Assert.fail(Assert.java:99)\r\n\tat org.testng.Assert.failNotEquals(Assert.java:1037)\r\n\tat org.testng.Assert.assertEqualsImpl(Assert.java:140)\r\n\tat org.testng.Assert.assertEquals(Assert.java:122)\r\n\tat org.testng.Assert.assertEquals(Assert.java:907)\r\n\tat org.testng.Assert.assertEquals(Assert.java:917)\r\n\tat extentions.Verifications.VerifyNumOfElements(Verifications.java:37)\r\n\tat sanity.GrafanaServerAdmin.Test01_verifyDefaultUser(GrafanaServerAdmin.java:17)\r\n\tat sun.reflect.NativeMethodAccessorImpl.invoke0(Native Method)\r\n\tat sun.reflect.NativeMethodAccessorImpl.invoke(NativeMethodAccessorImpl.java:62)\r\n\tat sun.reflect.DelegatingMethodAccessorImpl.invoke(DelegatingMethodAccessorImpl.java:43)\r\n\tat java.lang.reflect.Method.invoke(Method.java:498)\r\n\tat org.testng.internal.MethodInvocationHelper.invokeMethod(MethodInvocationHelper.java:133)\r\n\tat org.testng.internal.TestInvoker.invokeMethod(TestInvoker.java:598)\r\n\tat org.testng.internal.TestInvoker.invokeTestMethod(TestInvoker.java:173)\r\n\tat org.testng.internal.MethodRunner.runInSequence(MethodRunner.java:46)\r\n\tat org.testng.internal.TestInvoker$MethodInvocationAgent.invoke(TestInvoker.java:824)\r\n\tat org.testng.internal.TestInvoker.invokeTestMethods(TestInvoker.java:146)\r\n\tat org.testng.internal.TestMethodWorker.invokeTestMethods(TestMethodWorker.java:146)\r\n\tat org.testng.internal.TestMethodWorker.run(TestMethodWorker.java:128)\r\n\tat java.util.ArrayList.forEach(ArrayList.java:1259)\r\n\tat org.testng.TestRunner.privateRun(TestRunner.java:794)\r\n\tat org.testng.TestRunner.run(TestRunner.java:596)\r\n\tat org.testng.SuiteRunner.runTest(SuiteRunner.java:377)\r\n\tat org.testng.SuiteRunner.runSequentially(SuiteRunner.java:371)\r\n\tat org.testng.SuiteRunner.privateRun(SuiteRunner.java:332)\r\n\tat org.testng.SuiteRunner.run(SuiteRunner.java:276)\r\n\tat org.testng.SuiteRunnerWorker.runSuite(SuiteRunnerWorker.java:53)\r\n\tat org.testng.SuiteRunnerWorker.run(SuiteRunnerWorker.java:96)\r\n\tat org.testng.TestNG.runSuitesSequentially(TestNG.java:1212)\r\n\tat org.testng.TestNG.runSuitesLocally(TestNG.java:1134)\r\n\tat org.testng.TestNG.runSuites(TestNG.java:1063)\r\n\tat org.testng.TestNG.run(TestNG.java:1031)\r\n\tat com.intellij.rt.testng.IDEARemoteTestNG.run(IDEARemoteTestNG.java:66)\r\n\tat com.intellij.rt.testng.RemoteTestNGStarter.main(RemoteTestNGStarter.java:109)\r\n",
      "steps" : [ ],
      "attachments" : [ ],
      "parameters" : [ {
        "name" : "elems",
        "value" : "[[[ChromeDriver: chrome on WINDOWS (5494f2574a25593977afd98b7fc4102f)] -> xpath: //*[@id=\"reactRoot\"]/div/main/div[3]/div/div[1]/div/div[2]/div[2]/table/tbody/tr], [[ChromeDriver: chrome on WINDOWS (5494f2574a25593977afd98b7fc4102f)] -> xpath: //*[@id=\"reactRoot\"]/div/main/div[3]/div/div[1]/div/div[2]/div[2]/table/tbody/tr], [[ChromeDriver: chrome on WINDOWS (5494f2574a25593977afd98b7fc4102f)] -> xpath: //*[@id=\"reactRoot\"]/div/main/div[3]/div/div[1]/div/div[2]/div[2]/table/tbody/tr]]"
      }, {
        "name" : "excepted",
        "value" : "1"
      } ],
      "attachmentsCount" : 0,
      "shouldDisplayMessage" : true,
      "stepsCount" : 0,
      "hasContent" : true
    } ],
    "attachments" : [ ],
    "parameters" : [ ],
    "attachmentsCount" : 0,
    "shouldDisplayMessage" : false,
    "stepsCount" : 7,
    "hasContent" : true
  },
  "afterStages" : [ {
    "name" : "CloseSession",
    "time" : {
      "start" : 1648414337830,
      "stop" : 1648414339186,
      "duration" : 1356
    },
    "description" : "",
    "status" : "passed",
    "steps" : [ ],
    "attachments" : [ ],
    "parameters" : [ ],
    "attachmentsCount" : 0,
    "shouldDisplayMessage" : false,
    "stepsCount" : 0,
    "hasContent" : false
  } ],
  "labels" : [ {
    "name" : "package",
    "value" : "sanity.GrafanaServerAdmin"
  }, {
    "name" : "testClass",
    "value" : "sanity.GrafanaServerAdmin"
  }, {
    "name" : "testMethod",
    "value" : "Test01_verifyDefaultUser"
  }, {
    "name" : "parentSuite",
    "value" : "Default Suite"
  }, {
    "name" : "suite",
    "value" : "FinalGrafanaProject"
  }, {
    "name" : "subSuite",
    "value" : "sanity.GrafanaServerAdmin"
  }, {
    "name" : "host",
    "value" : "LAPTOP-TOSPREI7"
  }, {
    "name" : "thread",
    "value" : "7892@LAPTOP-TOSPREI7.main(1)"
  }, {
    "name" : "framework",
    "value" : "testng"
  }, {
    "name" : "language",
    "value" : "java"
  }, {
    "name" : "resultFormat",
    "value" : "allure2"
  } ],
  "parameters" : [ ],
  "links" : [ ],
  "hidden" : true,
  "retry" : true,
  "extra" : {
    "categories" : [ ],
    "tags" : [ ]
  },
  "source" : "da6ffb0be6a41af6.json",
  "parameterValues" : [ ]
}