{
  "uid" : "f6f30f5f0241e015",
  "name" : "Test02_VerifyNewUser",
  "fullName" : "sanity.GrafanaServerAdmin.Test02_VerifyNewUser",
  "historyId" : "cc75bae46c33c5d00786521600c8b1a4",
  "time" : {
    "start" : 1648929120236,
    "stop" : 1648929136676,
    "duration" : 16440
  },
  "description" : "this test verify the new create user",
  "descriptionHtml" : "<p>this test verify the new create user</p>\n",
  "status" : "broken",
  "statusMessage" : "-1",
  "statusTrace" : "java.lang.ArrayIndexOutOfBoundsException: -1\r\n\tat java.util.ArrayList.elementData(ArrayList.java:424)\r\n\tat java.util.ArrayList.get(ArrayList.java:437)\r\n\tat sun.reflect.NativeMethodAccessorImpl.invoke0(Native Method)\r\n\tat sun.reflect.NativeMethodAccessorImpl.invoke(NativeMethodAccessorImpl.java:62)\r\n\tat sun.reflect.DelegatingMethodAccessorImpl.invoke(DelegatingMethodAccessorImpl.java:43)\r\n\tat java.lang.reflect.Method.invoke(Method.java:498)\r\n\tat org.openqa.selenium.support.pagefactory.internal.LocatingElementListHandler.invoke(LocatingElementListHandler.java:40)\r\n\tat com.sun.proxy.$Proxy15.get(Unknown Source)\r\n\tat extentions.Verifications.VerifyNumOfElements(Verifications.java:36)\r\n\tat sanity.GrafanaServerAdmin.Test02_VerifyNewUser(GrafanaServerAdmin.java:25)\r\n\tat sun.reflect.NativeMethodAccessorImpl.invoke0(Native Method)\r\n\tat sun.reflect.NativeMethodAccessorImpl.invoke(NativeMethodAccessorImpl.java:62)\r\n\tat sun.reflect.DelegatingMethodAccessorImpl.invoke(DelegatingMethodAccessorImpl.java:43)\r\n\tat java.lang.reflect.Method.invoke(Method.java:498)\r\n\tat org.testng.internal.MethodInvocationHelper.invokeMethod(MethodInvocationHelper.java:133)\r\n\tat org.testng.internal.TestInvoker.invokeMethod(TestInvoker.java:598)\r\n\tat org.testng.internal.TestInvoker.invokeTestMethod(TestInvoker.java:173)\r\n\tat org.testng.internal.MethodRunner.runInSequence(MethodRunner.java:46)\r\n\tat org.testng.internal.TestInvoker$MethodInvocationAgent.invoke(TestInvoker.java:824)\r\n\tat org.testng.internal.TestInvoker.invokeTestMethods(TestInvoker.java:146)\r\n\tat org.testng.internal.TestMethodWorker.invokeTestMethods(TestMethodWorker.java:146)\r\n\tat org.testng.internal.TestMethodWorker.run(TestMethodWorker.java:128)\r\n\tat java.util.ArrayList.forEach(ArrayList.java:1259)\r\n\tat org.testng.TestRunner.privateRun(TestRunner.java:794)\r\n\tat org.testng.TestRunner.run(TestRunner.java:596)\r\n\tat org.testng.SuiteRunner.runTest(SuiteRunner.java:377)\r\n\tat org.testng.SuiteRunner.runSequentially(SuiteRunner.java:371)\r\n\tat org.testng.SuiteRunner.privateRun(SuiteRunner.java:332)\r\n\tat org.testng.SuiteRunner.run(SuiteRunner.java:276)\r\n\tat org.testng.SuiteRunnerWorker.runSuite(SuiteRunnerWorker.java:53)\r\n\tat org.testng.SuiteRunnerWorker.run(SuiteRunnerWorker.java:96)\r\n\tat org.testng.TestNG.runSuitesSequentially(TestNG.java:1212)\r\n\tat org.testng.TestNG.runSuitesLocally(TestNG.java:1134)\r\n\tat org.testng.TestNG.runSuites(TestNG.java:1063)\r\n\tat org.testng.TestNG.run(TestNG.java:1031)\r\n\tat org.apache.maven.surefire.testng.TestNGExecutor.run(TestNGExecutor.java:283)\r\n\tat org.apache.maven.surefire.testng.TestNGXmlTestSuite.execute(TestNGXmlTestSuite.java:75)\r\n\tat org.apache.maven.surefire.testng.TestNGProvider.invoke(TestNGProvider.java:120)\r\n\tat org.apache.maven.surefire.booter.ForkedBooter.invokeProviderInSameClassLoader(ForkedBooter.java:384)\r\n\tat org.apache.maven.surefire.booter.ForkedBooter.runSuitesInProcess(ForkedBooter.java:345)\r\n\tat org.apache.maven.surefire.booter.ForkedBooter.execute(ForkedBooter.java:126)\r\n\tat org.apache.maven.surefire.booter.ForkedBooter.main(ForkedBooter.java:418)\r\n",
  "flaky" : false,
  "newFailed" : false,
  "newBroken" : false,
  "newPassed" : false,
  "retriesCount" : 13,
  "retriesStatusChange" : true,
  "beforeStages" : [ {
    "name" : "StartSession",
    "time" : {
      "start" : 1648929107879,
      "stop" : 1648929115401,
      "duration" : 7522
    },
    "description" : "",
    "status" : "passed",
    "steps" : [ ],
    "attachments" : [ ],
    "parameters" : [ ],
    "attachmentsCount" : 0,
    "shouldDisplayMessage" : false,
    "stepsCount" : 0,
    "hasContent" : false
  }, {
    "name" : "BeforeMethod",
    "time" : {
      "start" : 1648929120209,
      "stop" : 1648929120229,
      "duration" : 20
    },
    "description" : "",
    "status" : "passed",
    "steps" : [ ],
    "attachments" : [ ],
    "parameters" : [ ],
    "attachmentsCount" : 0,
    "shouldDisplayMessage" : false,
    "stepsCount" : 0,
    "hasContent" : false
  } ],
  "testStage" : {
    "description" : "this test verify the new create user",
    "status" : "broken",
    "statusMessage" : "-1",
    "statusTrace" : "java.lang.ArrayIndexOutOfBoundsException: -1\r\n\tat java.util.ArrayList.elementData(ArrayList.java:424)\r\n\tat java.util.ArrayList.get(ArrayList.java:437)\r\n\tat sun.reflect.NativeMethodAccessorImpl.invoke0(Native Method)\r\n\tat sun.reflect.NativeMethodAccessorImpl.invoke(NativeMethodAccessorImpl.java:62)\r\n\tat sun.reflect.DelegatingMethodAccessorImpl.invoke(DelegatingMethodAccessorImpl.java:43)\r\n\tat java.lang.reflect.Method.invoke(Method.java:498)\r\n\tat org.openqa.selenium.support.pagefactory.internal.LocatingElementListHandler.invoke(LocatingElementListHandler.java:40)\r\n\tat com.sun.proxy.$Proxy15.get(Unknown Source)\r\n\tat extentions.Verifications.VerifyNumOfElements(Verifications.java:36)\r\n\tat sanity.GrafanaServerAdmin.Test02_VerifyNewUser(GrafanaServerAdmin.java:25)\r\n\tat sun.reflect.NativeMethodAccessorImpl.invoke0(Native Method)\r\n\tat sun.reflect.NativeMethodAccessorImpl.invoke(NativeMethodAccessorImpl.java:62)\r\n\tat sun.reflect.DelegatingMethodAccessorImpl.invoke(DelegatingMethodAccessorImpl.java:43)\r\n\tat java.lang.reflect.Method.invoke(Method.java:498)\r\n\tat org.testng.internal.MethodInvocationHelper.invokeMethod(MethodInvocationHelper.java:133)\r\n\tat org.testng.internal.TestInvoker.invokeMethod(TestInvoker.java:598)\r\n\tat org.testng.internal.TestInvoker.invokeTestMethod(TestInvoker.java:173)\r\n\tat org.testng.internal.MethodRunner.runInSequence(MethodRunner.java:46)\r\n\tat org.testng.internal.TestInvoker$MethodInvocationAgent.invoke(TestInvoker.java:824)\r\n\tat org.testng.internal.TestInvoker.invokeTestMethods(TestInvoker.java:146)\r\n\tat org.testng.internal.TestMethodWorker.invokeTestMethods(TestMethodWorker.java:146)\r\n\tat org.testng.internal.TestMethodWorker.run(TestMethodWorker.java:128)\r\n\tat java.util.ArrayList.forEach(ArrayList.java:1259)\r\n\tat org.testng.TestRunner.privateRun(TestRunner.java:794)\r\n\tat org.testng.TestRunner.run(TestRunner.java:596)\r\n\tat org.testng.SuiteRunner.runTest(SuiteRunner.java:377)\r\n\tat org.testng.SuiteRunner.runSequentially(SuiteRunner.java:371)\r\n\tat org.testng.SuiteRunner.privateRun(SuiteRunner.java:332)\r\n\tat org.testng.SuiteRunner.run(SuiteRunner.java:276)\r\n\tat org.testng.SuiteRunnerWorker.runSuite(SuiteRunnerWorker.java:53)\r\n\tat org.testng.SuiteRunnerWorker.run(SuiteRunnerWorker.java:96)\r\n\tat org.testng.TestNG.runSuitesSequentially(TestNG.java:1212)\r\n\tat org.testng.TestNG.runSuitesLocally(TestNG.java:1134)\r\n\tat org.testng.TestNG.runSuites(TestNG.java:1063)\r\n\tat org.testng.TestNG.run(TestNG.java:1031)\r\n\tat org.apache.maven.surefire.testng.TestNGExecutor.run(TestNGExecutor.java:283)\r\n\tat org.apache.maven.surefire.testng.TestNGXmlTestSuite.execute(TestNGXmlTestSuite.java:75)\r\n\tat org.apache.maven.surefire.testng.TestNGProvider.invoke(TestNGProvider.java:120)\r\n\tat org.apache.maven.surefire.booter.ForkedBooter.invokeProviderInSameClassLoader(ForkedBooter.java:384)\r\n\tat org.apache.maven.surefire.booter.ForkedBooter.runSuitesInProcess(ForkedBooter.java:345)\r\n\tat org.apache.maven.surefire.booter.ForkedBooter.execute(ForkedBooter.java:126)\r\n\tat org.apache.maven.surefire.booter.ForkedBooter.main(ForkedBooter.java:418)\r\n",
    "steps" : [ {
      "name" : "Business flow: create new user",
      "time" : {
        "start" : 1648929120236,
        "stop" : 1648929121556,
        "duration" : 1320
      },
      "status" : "passed",
      "steps" : [ {
        "name" : "click on element",
        "time" : {
          "start" : 1648929120254,
          "stop" : 1648929120408,
          "duration" : 154
        },
        "status" : "passed",
        "steps" : [ ],
        "attachments" : [ ],
        "parameters" : [ {
          "name" : "elem",
          "value" : "[[ChromeDriver: chrome on WINDOWS (6fb499a58af0c309017783ba2b59d20d)] -> class: css-sqvqs4-button]"
        } ],
        "attachmentsCount" : 0,
        "shouldDisplayMessage" : false,
        "stepsCount" : 0,
        "hasContent" : true
      }, {
        "name" : "send keys text",
        "time" : {
          "start" : 1648929120497,
          "stop" : 1648929120666,
          "duration" : 169
        },
        "status" : "passed",
        "steps" : [ ],
        "attachments" : [ ],
        "parameters" : [ {
          "name" : "elem",
          "value" : "[[ChromeDriver: chrome on WINDOWS (6fb499a58af0c309017783ba2b59d20d)] -> id: name-input]"
        }, {
          "name" : "text",
          "value" : "tal"
        } ],
        "attachmentsCount" : 0,
        "shouldDisplayMessage" : false,
        "stepsCount" : 0,
        "hasContent" : true
      }, {
        "name" : "send keys text",
        "time" : {
          "start" : 1648929120689,
          "stop" : 1648929120877,
          "duration" : 188
        },
        "status" : "passed",
        "steps" : [ ],
        "attachments" : [ ],
        "parameters" : [ {
          "name" : "elem",
          "value" : "[[ChromeDriver: chrome on WINDOWS (6fb499a58af0c309017783ba2b59d20d)] -> id: username-input]"
        }, {
          "name" : "text",
          "value" : "tal"
        } ],
        "attachmentsCount" : 0,
        "shouldDisplayMessage" : false,
        "stepsCount" : 0,
        "hasContent" : true
      }, {
        "name" : "send keys text",
        "time" : {
          "start" : 1648929120906,
          "stop" : 1648929121109,
          "duration" : 203
        },
        "status" : "passed",
        "steps" : [ ],
        "attachments" : [ ],
        "parameters" : [ {
          "name" : "elem",
          "value" : "[[ChromeDriver: chrome on WINDOWS (6fb499a58af0c309017783ba2b59d20d)] -> id: email-input]"
        }, {
          "name" : "text",
          "value" : "tal@gmail.com"
        } ],
        "attachmentsCount" : 0,
        "shouldDisplayMessage" : false,
        "stepsCount" : 0,
        "hasContent" : true
      }, {
        "name" : "send keys text",
        "time" : {
          "start" : 1648929121135,
          "stop" : 1648929121335,
          "duration" : 200
        },
        "status" : "passed",
        "steps" : [ ],
        "attachments" : [ ],
        "parameters" : [ {
          "name" : "elem",
          "value" : "[[ChromeDriver: chrome on WINDOWS (6fb499a58af0c309017783ba2b59d20d)] -> id: password-input]"
        }, {
          "name" : "text",
          "value" : "admin"
        } ],
        "attachmentsCount" : 0,
        "shouldDisplayMessage" : false,
        "stepsCount" : 0,
        "hasContent" : true
      }, {
        "name" : "click on element",
        "time" : {
          "start" : 1648929121351,
          "stop" : 1648929121556,
          "duration" : 205
        },
        "status" : "passed",
        "steps" : [ ],
        "attachments" : [ ],
        "parameters" : [ {
          "name" : "elem",
          "value" : "[[ChromeDriver: chrome on WINDOWS (6fb499a58af0c309017783ba2b59d20d)] -> class: css-sqvqs4-button]"
        } ],
        "attachmentsCount" : 0,
        "shouldDisplayMessage" : false,
        "stepsCount" : 0,
        "hasContent" : true
      } ],
      "attachments" : [ ],
      "parameters" : [ {
        "name" : "Name",
        "value" : "tal"
      }, {
        "name" : "Email",
        "value" : "tal@gmail.com"
      }, {
        "name" : "userName",
        "value" : "tal"
      }, {
        "name" : "pass",
        "value" : "admin"
      } ],
      "attachmentsCount" : 0,
      "shouldDisplayMessage" : false,
      "stepsCount" : 6,
      "hasContent" : true
    }, {
      "name" : "verify the size of element//list ",
      "time" : {
        "start" : 1648929126584,
        "stop" : 1648929136674,
        "duration" : 10090
      },
      "status" : "broken",
      "statusMessage" : "-1",
      "statusTrace" : "java.lang.ArrayIndexOutOfBoundsException: -1\r\n\tat java.util.ArrayList.elementData(ArrayList.java:424)\r\n\tat java.util.ArrayList.get(ArrayList.java:437)\r\n\tat sun.reflect.NativeMethodAccessorImpl.invoke0(Native Method)\r\n\tat sun.reflect.NativeMethodAccessorImpl.invoke(NativeMethodAccessorImpl.java:62)\r\n\tat sun.reflect.DelegatingMethodAccessorImpl.invoke(DelegatingMethodAccessorImpl.java:43)\r\n\tat java.lang.reflect.Method.invoke(Method.java:498)\r\n\tat org.openqa.selenium.support.pagefactory.internal.LocatingElementListHandler.invoke(LocatingElementListHandler.java:40)\r\n\tat com.sun.proxy.$Proxy15.get(Unknown Source)\r\n\tat extentions.Verifications.VerifyNumOfElements(Verifications.java:36)\r\n\tat sanity.GrafanaServerAdmin.Test02_VerifyNewUser(GrafanaServerAdmin.java:25)\r\n\tat sun.reflect.NativeMethodAccessorImpl.invoke0(Native Method)\r\n\tat sun.reflect.NativeMethodAccessorImpl.invoke(NativeMethodAccessorImpl.java:62)\r\n\tat sun.reflect.DelegatingMethodAccessorImpl.invoke(DelegatingMethodAccessorImpl.java:43)\r\n\tat java.lang.reflect.Method.invoke(Method.java:498)\r\n\tat org.testng.internal.MethodInvocationHelper.invokeMethod(MethodInvocationHelper.java:133)\r\n\tat org.testng.internal.TestInvoker.invokeMethod(TestInvoker.java:598)\r\n\tat org.testng.internal.TestInvoker.invokeTestMethod(TestInvoker.java:173)\r\n\tat org.testng.internal.MethodRunner.runInSequence(MethodRunner.java:46)\r\n\tat org.testng.internal.TestInvoker$MethodInvocationAgent.invoke(TestInvoker.java:824)\r\n\tat org.testng.internal.TestInvoker.invokeTestMethods(TestInvoker.java:146)\r\n\tat org.testng.internal.TestMethodWorker.invokeTestMethods(TestMethodWorker.java:146)\r\n\tat org.testng.internal.TestMethodWorker.run(TestMethodWorker.java:128)\r\n\tat java.util.ArrayList.forEach(ArrayList.java:1259)\r\n\tat org.testng.TestRunner.privateRun(TestRunner.java:794)\r\n\tat org.testng.TestRunner.run(TestRunner.java:596)\r\n\tat org.testng.SuiteRunner.runTest(SuiteRunner.java:377)\r\n\tat org.testng.SuiteRunner.runSequentially(SuiteRunner.java:371)\r\n\tat org.testng.SuiteRunner.privateRun(SuiteRunner.java:332)\r\n\tat org.testng.SuiteRunner.run(SuiteRunner.java:276)\r\n\tat org.testng.SuiteRunnerWorker.runSuite(SuiteRunnerWorker.java:53)\r\n\tat org.testng.SuiteRunnerWorker.run(SuiteRunnerWorker.java:96)\r\n\tat org.testng.TestNG.runSuitesSequentially(TestNG.java:1212)\r\n\tat org.testng.TestNG.runSuitesLocally(TestNG.java:1134)\r\n\tat org.testng.TestNG.runSuites(TestNG.java:1063)\r\n\tat org.testng.TestNG.run(TestNG.java:1031)\r\n\tat org.apache.maven.surefire.testng.TestNGExecutor.run(TestNGExecutor.java:283)\r\n\tat org.apache.maven.surefire.testng.TestNGXmlTestSuite.execute(TestNGXmlTestSuite.java:75)\r\n\tat org.apache.maven.surefire.testng.TestNGProvider.invoke(TestNGProvider.java:120)\r\n\tat org.apache.maven.surefire.booter.ForkedBooter.invokeProviderInSameClassLoader(ForkedBooter.java:384)\r\n\tat org.apache.maven.surefire.booter.ForkedBooter.runSuitesInProcess(ForkedBooter.java:345)\r\n\tat org.apache.maven.surefire.booter.ForkedBooter.execute(ForkedBooter.java:126)\r\n\tat org.apache.maven.surefire.booter.ForkedBooter.main(ForkedBooter.java:418)\r\n",
      "steps" : [ ],
      "attachments" : [ ],
      "parameters" : [ {
        "name" : "elems",
        "value" : "[]"
      }, {
        "name" : "excepted",
        "value" : "5"
      } ],
      "attachmentsCount" : 0,
      "shouldDisplayMessage" : true,
      "stepsCount" : 0,
      "hasContent" : true
    } ],
    "attachments" : [ ],
    "parameters" : [ ],
    "attachmentsCount" : 0,
    "shouldDisplayMessage" : false,
    "stepsCount" : 8,
    "hasContent" : true
  },
  "afterStages" : [ {
    "name" : "CloseSession",
    "time" : {
      "start" : 1648929150417,
      "stop" : 1648929151264,
      "duration" : 847
    },
    "description" : "",
    "status" : "passed",
    "steps" : [ ],
    "attachments" : [ ],
    "parameters" : [ ],
    "attachmentsCount" : 0,
    "shouldDisplayMessage" : false,
    "stepsCount" : 0,
    "hasContent" : false
  } ],
  "labels" : [ {
    "name" : "package",
    "value" : "sanity.GrafanaServerAdmin"
  }, {
    "name" : "testClass",
    "value" : "sanity.GrafanaServerAdmin"
  }, {
    "name" : "testMethod",
    "value" : "Test02_VerifyNewUser"
  }, {
    "name" : "parentSuite",
    "value" : "grafana web"
  }, {
    "name" : "suite",
    "value" : "grafana login"
  }, {
    "name" : "subSuite",
    "value" : "sanity.GrafanaServerAdmin"
  }, {
    "name" : "host",
    "value" : "LAPTOP-TOSPREI7"
  }, {
    "name" : "thread",
    "value" : "1492@LAPTOP-TOSPREI7.main(1)"
  }, {
    "name" : "framework",
    "value" : "testng"
  }, {
    "name" : "language",
    "value" : "java"
  }, {
    "name" : "resultFormat",
    "value" : "allure2"
  } ],
  "parameters" : [ ],
  "links" : [ ],
  "hidden" : false,
  "retry" : false,
  "extra" : {
    "severity" : "normal",
    "retries" : [ {
      "uid" : "2e915b07c93e9c75",
      "status" : "broken",
      "statusDetails" : "-1",
      "time" : {
        "start" : 1648928632823,
        "stop" : 1648928649775,
        "duration" : 16952
      }
    }, {
      "uid" : "317e5943cee3e8d8",
      "status" : "broken",
      "statusDetails" : "-1",
      "time" : {
        "start" : 1648925747964,
        "stop" : 1648925764715,
        "duration" : 16751
      }
    }, {
      "uid" : "66f9f68b3a23b780",
      "status" : "broken",
      "statusDetails" : "-1",
      "time" : {
        "start" : 1648924535979,
        "stop" : 1648924557597,
        "duration" : 21618
      }
    }, {
      "uid" : "99479e58e15fd1c6",
      "status" : "broken",
      "statusDetails" : "-1",
      "time" : {
        "start" : 1648819999684,
        "stop" : 1648820016269,
        "duration" : 16585
      }
    }, {
      "uid" : "4ed4763242cd0e8a",
      "status" : "broken",
      "statusDetails" : "-1",
      "time" : {
        "start" : 1648809536574,
        "stop" : 1648809548632,
        "duration" : 12058
      }
    }, {
      "uid" : "fbfa40a15c5b7c94",
      "status" : "failed",
      "statusDetails" : "expected [5] but found [2]",
      "time" : {
        "start" : 1648670658859,
        "stop" : 1648670662212,
        "duration" : 3353
      }
    }, {
      "uid" : "488db67d592ab33d",
      "status" : "broken",
      "statusDetails" : "-1",
      "time" : {
        "start" : 1648665753142,
        "stop" : 1648665769700,
        "duration" : 16558
      }
    }, {
      "uid" : "41db75fdbadedc7a",
      "status" : "broken",
      "statusDetails" : "-1",
      "time" : {
        "start" : 1648578386910,
        "stop" : 1648578403445,
        "duration" : 16535
      }
    }, {
      "uid" : "76e753c9b4bb8397",
      "status" : "broken",
      "statusDetails" : "-1",
      "time" : {
        "start" : 1648577279108,
        "stop" : 1648577295799,
        "duration" : 16691
      }
    }, {
      "uid" : "bab087d06b7c67b1",
      "status" : "broken",
      "statusDetails" : "-1",
      "time" : {
        "start" : 1648575421217,
        "stop" : 1648575437881,
        "duration" : 16664
      }
    }, {
      "uid" : "399ca2cab5febbd6",
      "status" : "broken",
      "statusDetails" : "-1",
      "time" : {
        "start" : 1648488148988,
        "stop" : 1648488165492,
        "duration" : 16504
      }
    }, {
      "uid" : "9e39107dddd5b132",
      "status" : "passed",
      "time" : {
        "start" : 1648415163271,
        "stop" : 1648415165253,
        "duration" : 1982
      }
    }, {
      "uid" : "e0b51350403ee076",
      "status" : "broken",
      "statusDetails" : "-1",
      "time" : {
        "start" : 1648414305291,
        "stop" : 1648414321907,
        "duration" : 16616
      }
    } ],
    "categories" : [ {
      "name" : "Test defects",
      "matchedStatuses" : [ ],
      "flaky" : false
    } ],
    "tags" : [ ]
  },
  "source" : "f6f30f5f0241e015.json",
  "parameterValues" : [ ]
}